<?xml version="1.0" encoding="UTF-8"?>
<testng-results skipped="0" failed="0" total="1" passed="1">
  <reporter-output>
  </reporter-output>
  <suite name="Suite" duration-ms="6898" started-at="2017-11-10T17:04:05Z" finished-at="2017-11-10T17:04:12Z">
    <groups>
    </groups>
    <test name="Test" duration-ms="6898" started-at="2017-11-10T17:04:05Z" finished-at="2017-11-10T17:04:12Z">
      <class name="PrintMsg.printMsg">
        <test-method status="PASS" signature="printMethod()" name="printMethod" duration-ms="6867" started-at="2017-11-10T17:04:05Z" finished-at="2017-11-10T17:04:12Z">
        </test-method>
      </class>
    </test>
  </suite>
</testng-results>
