<?xml version="1.0" encoding="UTF-8"?>
<testng-results skipped="0" failed="0" total="1" passed="1">
  <reporter-output>
  </reporter-output>
  <suite name="Suite" duration-ms="7503" started-at="2017-09-10T19:22:41Z" finished-at="2017-09-10T19:22:48Z">
    <groups>
    </groups>
    <test name="Test" duration-ms="7503" started-at="2017-09-10T19:22:41Z" finished-at="2017-09-10T19:22:48Z">
      <class name="PrintMsg.printMsg">
        <test-method status="PASS" signature="printMethod()" name="printMethod" duration-ms="7492" started-at="2017-09-10T19:22:41Z" finished-at="2017-09-10T19:22:48Z">
        </test-method>
      </class>
    </test>
  </suite>
</testng-results>
